gvr-hudhelper/app/build/outputs/logs/manifest-merger-debug-report.txt
-- Merging decision tree log ---
manifest
ADDED from src/main/AndroidManifest.xml:17:1-44:12
	package
		ADDED from src/main/AndroidManifest.xml:18:7-45
		INJECTED from src/main/AndroidManifest.xml
		INJECTED from src/main/AndroidManifest.xml
	android:versionName
		ADDED from src/main/AndroidManifest.xml:20:7-32
		INJECTED from src/main/AndroidManifest.xml
		INJECTED from src/main/AndroidManifest.xml
	android:versionCode
		ADDED from src/main/AndroidManifest.xml:19:7-30
		INJECTED from src/main/AndroidManifest.xml
		INJECTED from src/main/AndroidManifest.xml
	xmlns:android
		ADDED from src/main/AndroidManifest.xml:17:11-69
uses-sdk
ADDED from src/main/AndroidManifest.xml:22:5-24:41
MERGED from [:framework-debug:] AndroidManifest.xml:23:5-25:41
MERGED from [:backend_oculus-debug:] AndroidManifest.xml:23:5-25:41
MERGED from [:backend_daydream-debug:] AndroidManifest.xml:23:5-25:41
MERGED from [:google-vr-base:] AndroidManifest.xml:5:5-73
MERGED from [:google-vr-common:] AndroidManifest.xml:3:5-73
	android:targetSdkVersion
		ADDED from src/main/AndroidManifest.xml:24:9-38
		INJECTED from src/main/AndroidManifest.xml
		INJECTED from src/main/AndroidManifest.xml
	android:minSdkVersion
		ADDED from src/main/AndroidManifest.xml:23:9-35
		INJECTED from src/main/AndroidManifest.xml
		INJECTED from src/main/AndroidManifest.xml
uses-permission#android.permission.INTERNET
ADDED from src/main/AndroidManifest.xml:26:5-66
	android:name
		ADDED from src/main/AndroidManifest.xml:26:22-64
uses-permission#android.permission.CAMERA
ADDED from src/main/AndroidManifest.xml:27:5-64
	android:name
		ADDED from src/main/AndroidManifest.xml:27:22-62
uses-permission#android.permission.READ_EXTERNAL_STORAGE
ADDED from src/main/AndroidManifest.xml:28:5-80
MERGED from [:backend_daydream-debug:] AndroidManifest.xml:37:5-80
MERGED from [:google-vr-base:] AndroidManifest.xml:9:5-79
	android:name
		ADDED from src/main/AndroidManifest.xml:28:22-77
uses-permission#android.permission.ACCESS_NETWORK_STATE
ADDED from src/main/AndroidManifest.xml:29:5-79
	android:name
		ADDED from src/main/AndroidManifest.xml:29:22-76
uses-feature#android.hardware.camera
ADDED from src/main/AndroidManifest.xml:30:5-59
	android:name
		ADDED from src/main/AndroidManifest.xml:30:19-57
application
ADDED from src/main/AndroidManifest.xml:32:5-43:19
MERGED from [:framework-debug:] AndroidManifest.xml:36:5-42:19
MERGED from [:backend_oculus-debug:] AndroidManifest.xml:31:5-32:19
MERGED from [:backend_daydream-debug:] AndroidManifest.xml:59:5-60:19
	android:label
		ADDED from src/main/AndroidManifest.xml:32:18-50
	android:icon
		ADDED from src/main/AndroidManifest.xml:32:51-87
	android:allowBackup
		ADDED from [:framework-debug:] AndroidManifest.xml:37:9-35
	android:largeHeap
		ADDED from [:framework-debug:] AndroidManifest.xml:40:9-33
	android:theme
		ADDED from [:framework-debug:] AndroidManifest.xml:41:9-40
meta-data#com.samsung.android.vr.application.mode
ADDED from src/main/AndroidManifest.xml:33:9-100
	android:value
		ADDED from src/main/AndroidManifest.xml:33:75-98
	android:name
		ADDED from src/main/AndroidManifest.xml:33:20-74
activity#org.gearvrf.sample.hudhelper.SceneObjectActivity
ADDED from src/main/AndroidManifest.xml:34:9-42:20
	android:screenOrientation
		ADDED from src/main/AndroidManifest.xml:35:19-56
	android:label
		ADDED from src/main/AndroidManifest.xml:37:19-51
	android:launchMode
		ADDED from src/main/AndroidManifest.xml:36:19-50
	android:name
		ADDED from src/main/AndroidManifest.xml:34:19-53
intent-filter#android.intent.action.MAIN+android.intent.category.LAUNCHER
ADDED from src/main/AndroidManifest.xml:38:13-41:29
action#android.intent.action.MAIN
ADDED from src/main/AndroidManifest.xml:39:17-69
	android:name
		ADDED from src/main/AndroidManifest.xml:39:25-66
category#android.intent.category.LAUNCHER
ADDED from src/main/AndroidManifest.xml:40:17-77
	android:name
		ADDED from src/main/AndroidManifest.xml:40:27-74
uses-permission#com.samsung.android.hmt.permission.READ_SETTINGS
ADDED from [:framework-debug:] AndroidManifest.xml:30:5-88
	android:name
		ADDED from [:framework-debug:] AndroidManifest.xml:30:22-85
uses-feature#0x00030000
ADDED from [:framework-debug:] AndroidManifest.xml:32:5-34:35
MERGED from [:backend_oculus-debug:] AndroidManifest.xml:27:5-29:35
MERGED from [:backend_daydream-debug:] AndroidManifest.xml:27:5-29:35
	android:glEsVersion
		ADDED from [:framework-debug:] AndroidManifest.xml:33:9-41
	android:required
		ADDED from [:framework-debug:] AndroidManifest.xml:34:9-32
uses-permission#android.permission.VIBRATE
ADDED from [:backend_daydream-debug:] AndroidManifest.xml:35:5-66
	android:name
		ADDED from [:backend_daydream-debug:] AndroidManifest.xml:35:22-63
uses-permission#android.permission.NFC
ADDED from [:backend_daydream-debug:] AndroidManifest.xml:39:5-62
MERGED from [:google-vr-base:] AndroidManifest.xml:12:5-61
	android:name
		ADDED from [:backend_daydream-debug:] AndroidManifest.xml:39:22-59
uses-feature#android.hardware.sensor.accelerometer
ADDED from [:backend_daydream-debug:] AndroidManifest.xml:42:5-44:35
	android:required
		ADDED from [:backend_daydream-debug:] AndroidManifest.xml:44:9-32
	android:name
		ADDED from [:backend_daydream-debug:] AndroidManifest.xml:43:9-61
uses-feature#android.hardware.sensor.gyroscope
ADDED from [:backend_daydream-debug:] AndroidManifest.xml:45:5-47:35
	android:required
		ADDED from [:backend_daydream-debug:] AndroidManifest.xml:47:9-32
	android:name
		ADDED from [:backend_daydream-debug:] AndroidManifest.xml:46:9-57
uses-feature#android.software.vr.mode
ADDED from [:backend_daydream-debug:] AndroidManifest.xml:50:5-52:36
MERGED from [:google-vr-base:] AndroidManifest.xml:15:5-85
	android:required
		ADDED from [:backend_daydream-debug:] AndroidManifest.xml:52:9-33
	android:name
		ADDED from [:backend_daydream-debug:] AndroidManifest.xml:51:9-48
uses-feature#android.hardware.vr.high_performance
ADDED from [:backend_daydream-debug:] AndroidManifest.xml:54:5-56:36
MERGED from [:google-vr-base:] AndroidManifest.xml:17:5-97
	android:required
		ADDED from [:backend_daydream-debug:] AndroidManifest.xml:56:9-33
	android:name
		ADDED from [:backend_daydream-debug:] AndroidManifest.xml:55:9-60
uses-feature#0x00020000
ADDED from [:google-vr-base:] AndroidManifest.xml:6:5-77
REJECTED from src/main/AndroidManifest.xml:6:5-77
	android:glEsVersion
		ADDED from [:google-vr-base:] AndroidManifest.xml:6:19-51
	android:required
		ADDED from [:google-vr-base:] AndroidManifest.xml:6:52-75
uses-permission#android.permission.WRITE_EXTERNAL_STORAGE
ADDED from [:google-vr-base:] AndroidManifest.xml:10:5-80
	android:name
		ADDED from [:google-vr-base:] AndroidManifest.xml:10:22-78